0 info it worked if it ends with ok
1 verbose cli [ '/home/ubuntu/.nvm/v0.10.35/bin/node',
1 verbose cli   '/home/ubuntu/.nvm/v0.10.35/bin/npm',
1 verbose cli   'install',
1 verbose cli   'nodeamon' ]
2 info using npm@1.4.28
3 info using node@v0.10.35
4 warn package.json gyak4@1.0.0 No description
5 warn package.json gyak4@1.0.0 No repository field.
6 warn package.json gyak4@1.0.0 No README data
7 verbose readDependencies using package.json deps
8 verbose cache add [ 'nodeamon', null ]
9 verbose cache add name=undefined spec="nodeamon" args=["nodeamon",null]
10 verbose parsed url { protocol: null,
10 verbose parsed url   slashes: null,
10 verbose parsed url   auth: null,
10 verbose parsed url   host: null,
10 verbose parsed url   port: null,
10 verbose parsed url   hostname: null,
10 verbose parsed url   hash: null,
10 verbose parsed url   search: null,
10 verbose parsed url   query: null,
10 verbose parsed url   pathname: 'nodeamon',
10 verbose parsed url   path: 'nodeamon',
10 verbose parsed url   href: 'nodeamon' }
11 silly lockFile ef28aa95-nodeamon nodeamon
12 verbose lock nodeamon /home/ubuntu/.npm/ef28aa95-nodeamon.lock
13 silly lockFile ef28aa95-nodeamon nodeamon
14 silly lockFile ef28aa95-nodeamon nodeamon
15 verbose addNamed [ 'nodeamon', '' ]
16 verbose addNamed [ null, '*' ]
17 silly lockFile 06d30f9d-nodeamon nodeamon@
18 verbose lock nodeamon@ /home/ubuntu/.npm/06d30f9d-nodeamon.lock
19 silly addNameRange { name: 'nodeamon', range: '*', hasData: false }
20 verbose request where is /nodeamon
21 verbose request registry https://registry.npmjs.org/
22 verbose request id 49171871ec83f22b
23 verbose url raw /nodeamon
24 verbose url resolving [ 'https://registry.npmjs.org/', './nodeamon' ]
25 verbose url resolved https://registry.npmjs.org/nodeamon
26 verbose request where is https://registry.npmjs.org/nodeamon
27 info trying registry request attempt 1 at 12:08:19
28 http GET https://registry.npmjs.org/nodeamon
29 http 404 https://registry.npmjs.org/nodeamon
30 silly registry.get cb [ 404,
30 silly registry.get   { 'content-type': 'application/json',
30 silly registry.get     'cache-control': 'max-age=0',
30 silly registry.get     'content-length': '2',
30 silly registry.get     'accept-ranges': 'bytes',
30 silly registry.get     date: 'Thu, 29 Oct 2015 12:08:19 GMT',
30 silly registry.get     via: '1.1 varnish',
30 silly registry.get     age: '0',
30 silly registry.get     connection: 'keep-alive',
30 silly registry.get     'x-served-by': 'cache-lhr6321-LHR',
30 silly registry.get     'x-cache': 'MISS',
30 silly registry.get     'x-cache-hits': '0',
30 silly registry.get     'x-timer': 'S1446120499.162858,VS0,VE158' } ]
31 silly lockFile 06d30f9d-nodeamon nodeamon@
32 silly lockFile 06d30f9d-nodeamon nodeamon@
33 error 404 Not Found
33 error 404
33 error 404 'nodeamon' is not in the npm registry.
33 error 404 You should bug the author to publish it
33 error 404 It was specified as a dependency of 'gyak4'
33 error 404
33 error 404 Note that you can also install from a
33 error 404 tarball, folder, or http url, or git url.
34 error System Linux 4.2.0-c9
35 error command "/home/ubuntu/.nvm/v0.10.35/bin/node" "/home/ubuntu/.nvm/v0.10.35/bin/npm" "install" "nodeamon"
36 error cwd /home/ubuntu/workspace/bead1
37 error node -v v0.10.35
38 error npm -v 1.4.28
39 error code E404
40 verbose exit [ 1, true ]
